<?xml version="1.0" encoding="UTF-8"?>
<testng-results ignored="0" total="2" passed="2" failed="0" skipped="0">
  <reporter-output>
  </reporter-output>
  <suite started-at="2023-01-09T20:10:20 IST" name="Default suite" finished-at="2023-01-09T20:10:52 IST" duration-ms="31844">
    <groups>
    </groups>
    <test started-at="2023-01-09T20:10:20 IST" name="Default test" finished-at="2023-01-09T20:10:52 IST" duration-ms="31844">
      <class name="TestScripts.DashboardTest">
        <test-method is-config="true" signature="setup()[pri:0, instance:TestScripts.DashboardTest@1ed6388a]" started-at="2023-01-09T20:10:20 IST" name="setup" finished-at="2023-01-09T20:10:32 IST" duration-ms="11589" status="PASS">
          <reporter-output>
          </reporter-output>
        </test-method> <!-- setup -->
        <test-method signature="loginTest()[pri:1, instance:TestScripts.DashboardTest@1ed6388a]" started-at="2023-01-09T20:10:32 IST" name="loginTest" finished-at="2023-01-09T20:10:33 IST" duration-ms="1171" status="PASS">
          <reporter-output>
          </reporter-output>
        </test-method> <!-- loginTest -->
        <test-method signature="DashBoardTest()[pri:2, instance:TestScripts.DashboardTest@1ed6388a]" started-at="2023-01-09T20:10:33 IST" name="DashBoardTest" finished-at="2023-01-09T20:10:51 IST" duration-ms="18097" status="PASS">
          <reporter-output>
          </reporter-output>
        </test-method> <!-- DashBoardTest -->
        <test-method is-config="true" signature="afterTest()[pri:0, instance:TestScripts.DashboardTest@1ed6388a]" started-at="2023-01-09T20:10:51 IST" name="afterTest" finished-at="2023-01-09T20:10:52 IST" duration-ms="829" status="PASS">
          <reporter-output>
          </reporter-output>
        </test-method> <!-- afterTest -->
      </class> <!-- TestScripts.DashboardTest -->
    </test> <!-- Default test -->
  </suite> <!-- Default suite -->
</testng-results>
